f_points_cus_day_ld 12/23/2020 01:04:39: Getting Module Type from DWH_C_BATCH_SCRIPTS
Start:************************
query_command : SELECT MODULE_TYP FROM EXPDW_ETE_DWH_V.V_DWH_C_BATCH_SCRIPTS WHERE LOWER(SCRIPT_NAME)=LOWER('f_points_cus_day_ld')
END:************************

f_points_cus_day_ld 12/23/2020 01:04:39: The current Module Type is : NTLY

f_points_cus_day_ld 12/23/2020 01:04:39: Getting Module Load Type from DWH_C_BATCH_SCRIPTS
Start:************************
query_command : SELECT MODULE_LOAD_TYP FROM EXPDW_ETE_DWH_V.V_DWH_C_BATCH_SCRIPTS WHERE LOWER(SCRIPT_NAME)=LOWER('f_points_cus_day_ld')
END:************************

f_points_cus_day_ld 12/23/2020 01:04:39: The current Module Load Type is : NA
f_points_cus_day_ld 12/23/2020 01:04:39: Getting Batch ID from DWH_C_BATCH_LOG
Start:************************
query_command : SELECT CAST(COALESCE(MAX(BATCH_ID),0) AS VARCHAR(20) ) FROM EXPDW_ETE_DWH_V.V_DWH_C_BATCH_LOG WHERE MODULE_NAME='NTLY'
END:************************

f_points_cus_day_ld 12/23/2020 01:04:40: The current Batch ID is : 1533

f_points_cus_day_ld 12/23/2020 01:04:40: Getting Job Id from DWH_C_BATCH_SCRIPTS
Start:************************
query_command : SELECT TRIM(JOB_ID) FROM EXPDW_ETE_DWH_V.V_DWH_C_BATCH_SCRIPTS WHERE LOWER(SCRIPT_NAME)=LOWER('f_points_cus_day_ld')
END:************************

f_points_cus_day_ld 12/23/2020 01:04:40: The current Job ID is : 1140

f_points_cus_day_ld 12/23/2020 01:04:40: Getting bookmark from DWH_C_BATCH_LOG table
Start:************************
query_command : SELECT BOOKMARK FROM
						(SELECT BOOKMARK,ROW_NUMBER() OVER (PARTITION BY JOB_NAME,BATCH_ID ORDER BY START_TIMESTAMP DESC,JOB_ID DESC) RNK FROM EXPDW_ETE_DWH_V.V_DWH_C_BATCH_LOG
							WHERE  JOB_NAME = 'f_points_cus_day_ld'
							AND BATCH_ID = 1533
							AND STATUS='RESTART') AA
						WHERE RNK=1
							
END:************************

f_points_cus_day_ld 12/23/2020 01:04:40: The bookmark is : NONE
f_points_cus_day_ld 12/23/2020 01:04:40: Checking for run-ability of the job for the batch
Start:************************
query_command : SELECT 1 FROM EXPDW_ETE_DWH_V.V_DWH_C_BATCH_LOG
						WHERE  JOB_NAME = 'f_points_cus_day_ld'
								AND BATCH_ID = 1533
								AND STATUS IN ('COMPLETE','ERROR')
						
END:************************

f_points_cus_day_ld 12/23/2020 01:04:40: Job ready for the run for the batch


==============================================================================================================================================
====================================================  RUNNING CODES FOR BOOKMARK = NONE  ================================================
==============================================================================================================================================


f_points_cus_day_ld 12/23/2020 01:04:40: Getting Current Date
Start:************************
query_command : SELECT PARAM_VALUE FROM EXPDW_ETE_DWH_V.V_DWH_C_PARAM WHERE  PARAM_NAME='BUSINESS_DATE'
END:************************

f_points_cus_day_ld 12/23/2020 01:04:41: Current date for the job = 2020-12-21

f_points_cus_day_ld 12/23/2020 01:04:41: Getting load mode for the job
Start:************************
query_command : SELECT PARAM_VALUE FROM EXPDW_ETE_DWH_V.V_DWH_C_PARAM WHERE PARAM_NAME='Insert Mode'
END:************************

f_points_cus_day_ld 12/23/2020 01:04:41: The load mode for the job = Full

f_points_cus_day_ld 12/23/2020 01:04:41: Getting primary currency for the job
Start:************************
query_command : SELECT PARAM_VALUE FROM EXPDW_ETE_DWH_V.V_DWH_C_PARAM WHERE PARAM_NAME='Primary Currency'
END:************************

f_points_cus_day_ld 12/23/2020 01:04:41: The primary currency for the job = USD

f_points_cus_day_ld 12/23/2020 01:04:41: f_points_cus_day_ld Started
f_points_cus_day_ld 12/23/2020 01:04:41: Getting current time-stamp for the job execution
Start:************************
query_command : SELECT CAST(CURRENT_TIMESTAMP AS TIMESTAMP(6))
END:************************

f_points_cus_day_ld 12/23/2020 01:04:41: The current time-stamp of the job = 2020-12-23 01:04:41.730000

f_points_cus_day_ld 12/23/2020 01:04:41: Inserting batch log
Start:************************
query_command : INSERT INTO EXPDW_ETE_DWH.DWH_C_BATCH_LOG (
                        BATCH_ID 
    				   ,JOB_ID
    				   ,MODULE_NAME
    				   ,JOB_NAME
    				   ,BUSINESS_DATE
    				   ,START_TIMESTAMP
    				   ,END_TIMESTAMP
    				   ,STATUS
    				   ,ERROR_DETAIL
    				   ,BOOKMARK
    				   ,LOGFILE)
                   SELECT 1533
                         ,1140
                         ,'NTLY'
                        ,'f_points_cus_day_ld'
    					 ,'2020-12-21'
                         ,'2020-12-23 01:04:41.730000'
                         ,CAST('9999-09-09' AS DATE FORMAT 'YYYY-MM-DD')
                         ,'RUNNING'
                         ,'RUNNING'
                         ,'NONE'
                         ,'/batch/ete/log/f_points_cus_day_ld_20201223010439.log'
                   
END:************************

Truncate Staging Table
f_points_cus_day_ld 12/23/2020 01:04:41: Truncating table STG_F_POINTS_CUS_DAY_B
Start:************************
query_command : DELETE FROM EXPDW_ETE_STG.STG_F_POINTS_CUS_DAY_B ALL
END:************************

f_points_cus_day_ld 12/23/2020 01:04:42: STG_F_POINTS_CUS_DAY_B truncated successfully
f_points_cus_day_ld 12/23/2020 01:04:42: Checking availability of error1 table
Start:************************
query_command : SELECT count(*) FROM dbc.tables WHERE databasename='EXPDW_ETE_STG' and tablename='ERR1_F_POINTS_CUS_DAY_B'
END:************************

f_points_cus_day_ld 12/23/2020 01:04:42: Checking availability of error2 table
Start:************************
query_command : SELECT count(*) FROM dbc.tables WHERE databasename='EXPDW_ETE_STG' and tablename='ERR2_F_POINTS_CUS_DAY_B'
END:************************

f_points_cus_day_ld 12/23/2020 01:04:43: Checking file integrity edw_points_20201223.txt
f_points_cus_day_ld 12/23/2020 01:04:43: Checking integrity of the file 
FILE_NAME=/batch/ete/data/customer/points/edw_points_20201223.txt
f_points_cus_day_ld 12/23/2020 01:04:43: md5value: 42ae154eeff9aac422762c1e18fc62f8
f_points_cus_day_ld 12/23/2020 01:04:43: No of rows :181608
mv /batch/ete/data/customer/points/edw_points_20201223.txt_temp /batch/ete/data/customer/points/edw_points_20201223.txt
rm -f /batch/ete/data/customer/points/edw_points_20201223.txt_temp
f_points_cus_day_ld 12/23/2020 01:04:43: md5value: 42ae154eeff9aac422762c1e18fc62f8
f_points_cus_day_ld 12/23/2020 01:04:43: No of rows :181608
f_points_cus_day_ld 12/23/2020 01:04:43: 42ae154eeff9aac422762c1e18fc62f8 and count   181608
f_points_cus_day_ld 12/23/2020 01:04:43: Loading STG_F_POINTS_CUS_DAY_B
Start:************************
query_command : SELECT
    CASE WHEN ColumnId = (min(ColumnId) over (order by ColumnId)) THEN ' ' ELSE ',' END
    || ColumnName
    || '(VARCHAR('
    || CASE WHEN ColumnType = 'I1' THEN '4' /* ByteInt */
            WHEN ColumnType = 'I2' THEN '6' /* SmallInt */
            WHEN ColumnType = 'I ' THEN '11' /* Integer */
            WHEN ColumnType = 'I8' THEN '20' /* BigInt */
            WHEN ColumnType = 'D ' THEN TRIM(DecimalTotalDigits + 1) /* Decimal */
            WHEN ColumnType in ('CV','CF','BV','BF') THEN TRIM(CAST(ColumnLength AS INTEGER)) /* VARCHAR,CHAR,VARBYTEBYTE */
            WHEN ColumnType = 'DA' THEN '10' /* DATE */
            WHEN ColumnType = 'AT' THEN TRIM(9 + DecimalFractionalDigits) /* Time */
            WHEN ColumnType = 'TS' THEN TRIM(20 + DecimalFractionalDigits) /* TIMESTAMP */
       ELSE '255' END
    || '))'
    FROM DBC.COLUMNS WHERE UPPER(TableName) = UPPER('STG_F_POINTS_CUS_DAY_B') AND UPPER(DatabaseName) = UPPER('EXPDW_ETE_STG')
    
END:************************

     ===================================================================
     =                                                                 =
     =          FASTLOAD UTILITY     VERSION 15.10.00.00               =
     =          PLATFORM LINUX                                         =
     =          PID      25813                                         =
     =                                                                 =
     ===================================================================

     ===================================================================
     =                                                                 =
     =          Copyright 1984-2015, Teradata Corporation.             =
     =          ALL RIGHTS RESERVED.                                   =
     =                                                                 =
     ===================================================================

**** 01:04:43 Processing starting at: Wed Dec 23 01:04:43 2020

0001 	.sessions 10

**** 01:04:43 FDL4866 SESSIONS command accepted

     ===================================================================
     =                                                                 =
     =          Logon/Connection                                       =
     =                                                                 =
     ===================================================================

0002 	.LOGON expdwdn.expressco.com/expeadm,

**** 01:04:43 Teradata Database Release: 15.10.07.15
**** 01:04:43 Teradata Database Version: 15.10.07.15
**** 01:04:43 Number of AMPs available: 80
**** 01:04:43 Current CLI or RDBMS allows maximum row size: 64K
**** 01:04:43 Character set for this job: ASCII

0003 	DATABASE EXPDW_ETE_STG;

**** 01:04:43 Command completed successfully

0004 	DELETE FROM EXPDW_ETE_STG.STG_F_POINTS_CUS_DAY_B ALL;

**** 01:04:43 Command completed successfully

0005 	RECORD 1;

**** 01:04:43 Starting record number set to  : 1

0006 	SET RECORD VARTEXT "|";

**** 01:04:43 Now set to read 'Variable-Length Text' records
**** 01:04:43 Delimiter character(s) is set to '|'
**** 01:04:43 Command completed successfully

0007 	DEFINE
     	 CUS_ID                        (VARCHAR(20))
     ,DAY_KEY                       (VARCHAR(10))
     ,LYLTY_PROG_YR_KEY             (VARCHAR(11))
     ,EARNED_POINTS                 (VARCHAR(9))
     ,CUM_EARNED_POINTS             (VARCHAR(19))
     ,CUM_PROG_YR_EARNED_POINTS     (VARCHAR(19))
     ,CONSUMED_POINTS               (VARCHAR(9))
     ,CUM_CONSUMED_POINTS           (VARCHAR(19))
     ,EXPIRED_POINTS                (VARCHAR(9))
     ,CUM_EXPIRED_POINTS            (VARCHAR(19))
     ,AVAILABLE_POINTS              (VARCHAR(15))
     ,RUN_DT                        (VARCHAR(10))
     	FILE = /batch/ete/data/customer/points/edw_points_20201223.txt ;

**** 01:04:43 FDL4803 DEFINE statement processed

0008 	BEGIN LOADING EXPDW_ETE_STG.STG_F_POINTS_CUS_DAY_B ERRORFILES EXPDW_ETE_ST
     G.ERR1_F_POINTS_CUS_DAY_B, EXPDW_ETE_STG.ERR2_F_POINTS_CUS_DAY_B;

**** 01:04:43 Session count 28 returned by the DBS overrides
              user-requested session count
**** 01:04:46 Number of FastLoad sessions requested = 28
**** 01:04:46 Number of FastLoad sessions connected = 28
**** 01:04:46 FDL4808 LOGON successful
**** 01:04:46 Number of AMPs available: 80
**** 01:04:46 BEGIN LOADING COMPLETE

     ===================================================================
     =                                                                 =
     =          Insert Phase                                           =
     =                                                                 =
     ===================================================================

0009 	INSERT INTO EXPDW_ETE_STG.STG_F_POINTS_CUS_DAY_B.*;

**** 01:04:46 Duplicate element name - CUS_ID
**** 01:04:46 Duplicate element name - DAY_KEY
**** 01:04:46 Duplicate element name - LYLTY_PROG_YR_KEY
**** 01:04:46 Duplicate element name - EARNED_POINTS
**** 01:04:46 Duplicate element name - CUM_EARNED_POINTS
**** 01:04:46 Duplicate element name - CUM_PROG_YR_EARNED_POINTS
**** 01:04:46 Duplicate element name - CONSUMED_POINTS
**** 01:04:46 Duplicate element name - CUM_CONSUMED_POINTS
**** 01:04:46 Duplicate element name - EXPIRED_POINTS
**** 01:04:46 Duplicate element name - CUM_EXPIRED_POINTS
**** 01:04:46 Duplicate element name - AVAILABLE_POINTS
**** 01:04:46 Duplicate element name - RUN_DT
**** 01:04:46 Number of recs/msg: 367
**** 01:04:46 Starting to send to RDBMS with record 1
**** 01:04:46 Starting row 100000
**** 01:04:46 Sending row 181608
**** 01:04:46 Finished sending rows to the RDBMS

**** 01:04:46 Acquisition Phase statistics:
              Elapsed time: 00:00:00 (in hh:mm:ss)
              CPU time:     0.2 Seconds
              MB/sec:       N/A
              MB/cpusec:    74.34

     ===================================================================
     =                                                                 =
     =          End Loading Phase                                      =
     =                                                                 =
     ===================================================================

0010 	END LOADING;

**** 01:04:46 END LOADING COMPLETE

     Total Records Read              =  181608
      - skipped by RECORD command    =  0
      - sent to the RDBMS            =  181608
     Total Error Table 1             =  0  ---- Table has been dropped
     Total Error Table 2             =  0  ---- Table has been dropped
     Total Inserts Applied           =  181608
     Total Duplicate Rows            =  0

     Start:   Wed Dec 23 01:04:46 2020
     End  :   Wed Dec 23 01:04:46 2020

**** 01:04:46 Application Phase statistics:
              Elapsed time: 00:00:00 (in hh:mm:ss)

0011 	.LOGOFF

     ===================================================================
     =                                                                 =
     =          Logoff/Disconnect                                      =
     =                                                                 =
     ===================================================================

**** 01:04:47 Logging off all sessions
**** 01:04:48 Total processor time used = '1.42 Seconds'
     .        Start : Wed Dec 23 01:04:43 2020
     .        End   : Wed Dec 23 01:04:48 2020
     .        Highest return code encountered = '0'.
**** 01:04:48 FDL4818 FastLoad Terminated
FORMATTED_LOG: END LOADING COMPLETE 181608 0 181608 0 0 181608 0
OUTPUT FROM fastloadlog_parse
err1count =
err2count=
f_points_cus_day_ld 12/23/2020 01:04:48: set_activity_count
f_points_cus_day_ld 12/23/2020 01:04:48: set_activity_count end
f_points_cus_day_ld 12/23/2020 01:04:48: Source     : edw_points_20201223.txt
f_points_cus_day_ld 12/23/2020 01:04:48: Destination: STG_F_POINTS_CUS_DAY_B
f_points_cus_day_ld 12/23/2020 01:04:48: SQL Statistics:
f_points_cus_day_ld 12/23/2020 01:04:48: NO OF ROWS INSERTED: 181608
f_points_cus_day_ld 12/23/2020 01:04:48: NO OF ROWS DELETED:  0
f_points_cus_day_ld 12/23/2020 01:04:48: No OF ROWS UPDATED:  0
Start:************************
query_command : MERGE INTO EXPDW_ETE_DWH.DWH_C_AUDIT_LOG AS  A
                   USING (
    					 SELECT 1533 BATCH_ID 
    							,1140 JOB_ID
    							,1 LEVEL
    					 ) AS TMP
    					 ON A.BATCH_ID = TMP.BATCH_ID
    					  AND A.JOB_ID = TMP.JOB_ID
    					  AND A.LEVEL = TMP.LEVEL
    					 WHEN MATCHED THEN UPDATE
            					 SET NUMBERS_OF_ROW_INSERTED = NUMBERS_OF_ROW_INSERTED+181608
    					 		    ,NUMBERS_OF_ROW_UPDATED  = NUMBERS_OF_ROW_UPDATED+0
    					 		    ,NUMBERS_OF_ROW_DELETED  = NUMBERS_OF_ROW_DELETED+0
    					 		    ,NUMBERS_OF_ROW_REJECTED = NUMBERS_OF_ROW_REJECTED+0
									,AUDIT_TIMESTAMP = CURRENT_TIMESTAMP
    					 WHEN NOT MATCHED THEN INSERT
                   			   (	 BATCH_ID                
    									,JOB_ID                  
    									,JOB_NAME                
    									,BUSINESS_DATE 
                                        ,AUDIT_TIMESTAMP										
    									,SOURCE        
    									,SOURCE_COUNT            
    									,TARGET         
    									,NUMBERS_OF_ROW_INSERTED 
    									,NUMBERS_OF_ROW_UPDATED  
    									,NUMBERS_OF_ROW_DELETED  
    									,NUMBERS_OF_ROW_REJECTED
    									,LEVEL)
    						VALUES(  TMP.BATCH_ID     
    								,TMP.JOB_ID
    								,'f_points_cus_day_ld'
    								,CAST('2020-12-21' AS DATE FORMAT 'YYYY-MM-DD')
									,CURRENT_TIMESTAMP
    								,'edw_points_20201223.txt'
    								,  181608
    								,'STG_F_POINTS_CUS_DAY_B'
    								,181608
    								,0
    								,0
    								,0
    								,TMP.LEVEL)
    							
END:************************

f_points_cus_day_ld 12/23/2020 01:04:48: Err1 table count: 0
f_points_cus_day_ld 12/23/2020 01:04:48: STG_F_POINTS_CUS_DAY_B loaded successfully
f_points_cus_day_ld 12/23/2020 01:04:48: STG_F_POINTS_CUS_DAY_B Stage load completed successfully
f_points_cus_day_ld 12/23/2020 01:04:48: Setting bookmark value for the script in DWH_C_BATCH_LOG table
Start:************************
query_command : UPDATE EXPDW_ETE_DWH.DWH_C_BATCH_LOG
                      SET BOOKMARK='AFTER_STG_LOAD'
					  ,JOB_ID=1140
                      WHERE BATCH_ID=1533
                       AND JOB_NAME = 'f_points_cus_day_ld'
					   AND START_TIMESTAMP='2020-12-23 01:04:41.730000'
                     
END:************************



==============================================================================================================================================
====================================================  RUNNING CODES FOR BOOKMARK = AFTER_STG_LOAD  ================================================
==============================================================================================================================================


f_points_cus_day_ld 12/23/2020 01:04:48: Load into Temp0 Table Started
f_points_cus_day_ld 12/23/2020 01:04:48: Truncate Temp0 Table
f_points_cus_day_ld 12/23/2020 01:04:48: Truncating table TMP0_F_POINTS_CUS_DAY_B
Start:************************
query_command : DELETE FROM EXPDW_ETE_TMP.TMP0_F_POINTS_CUS_DAY_B ALL
END:************************

f_points_cus_day_ld 12/23/2020 01:04:49: TMP0_F_POINTS_CUS_DAY_B truncated successfully
f_points_cus_day_ld 12/23/2020 01:04:49: Loading TMP0_F_POINTS_CUS_DAY_B
Start:************************
query_command : 
	INSERT INTO EXPDW_ETE_TMP.TMP0_F_POINTS_CUS_DAY_B (
		CUS_KEY, DAY_KEY, NEXT_DAY_KEY
		,LYLTY_PROG_YR_KEY, EARNED_POINTS, CUM_EARNED_POINTS, CUM_PROG_YR_EARNED_POINTS, CONSUMED_POINTS, CUM_CONSUMED_POINTS, EXPIRED_POINTS, CUM_EXPIRED_POINTS
		,AVAILABLE_POINTS
		,CUS_ID
		,RUN_DT
	)
	SELECT CUS.CUS_KEY, 
	SRC.DAY_KEY,
	COALESCE(
			MIN(SRC.DAY_KEY) OVER (
				PARTITION BY CUS_KEY
				ORDER BY SRC.DAY_KEY ROWS BETWEEN 1 FOLLOWING 
					AND 1 FOLLOWING
			), 
			CAST('9999-12-31' AS DATE FORMAT 'YYYY-MM-DD')
		) AS NEXT_DAY_KEY,
	SRC.LYLTY_PROG_YR_KEY,
	SRC.EARNED_POINTS,
	SRC.CUM_EARNED_POINTS,
	SRC.CUM_PROG_YR_EARNED_POINTS,
	SRC.CONSUMED_POINTS,
	SRC.CUM_CONSUMED_POINTS,
	SRC.EXPIRED_POINTS,
	SRC.CUM_EXPIRED_POINTS,
	SRC.AVAILABLE_POINTS,
	SRC.CUS_ID,
	SRC.RUN_DT
	FROM EXPDW_ETE_STG.STG_F_POINTS_CUS_DAY_B SRC
	INNER JOIN EXPDW_ETE_DWH_V.V_DWH_D_CUS_LU CUS
	ON SRC.CUS_ID=CUS.CUS_ID;
	
END:************************

f_points_cus_day_ld 12/23/2020 01:04:58: TMP0_F_POINTS_CUS_DAY_B loaded successfully
f_points_cus_day_ld 12/23/2020 01:04:58: set_activity_count
f_points_cus_day_ld 12/23/2020 01:04:58: set_activity_count end
Start:************************
query_command : SELECT COUNT(*) FROM EXPDW_ETE_STG.STG_F_POINTS_CUS_DAY_B
END:************************

f_points_cus_day_ld 12/23/2020 01:04:59: Source     : STG_F_POINTS_CUS_DAY_B
f_points_cus_day_ld 12/23/2020 01:04:59: Destination: TMP0_F_POINTS_CUS_DAY_B
f_points_cus_day_ld 12/23/2020 01:04:59: SQL Statistics:
f_points_cus_day_ld 12/23/2020 01:04:59: NO OF ROWS INSERTED: 149764
f_points_cus_day_ld 12/23/2020 01:04:59: NO OF ROWS DELETED:  0
f_points_cus_day_ld 12/23/2020 01:04:59: No OF ROWS UPDATED:  0
Start:************************
query_command : MERGE INTO EXPDW_ETE_DWH.DWH_C_AUDIT_LOG AS  A
                   USING (
    					 SELECT 1533 BATCH_ID 
    							,1140 JOB_ID
    							,2 LEVEL
    					 ) AS TMP
    					 ON A.BATCH_ID = TMP.BATCH_ID
    					  AND A.JOB_ID = TMP.JOB_ID
    					  AND A.LEVEL = TMP.LEVEL
    					 WHEN MATCHED THEN UPDATE
            					 SET NUMBERS_OF_ROW_INSERTED = NUMBERS_OF_ROW_INSERTED+149764
    					 		    ,NUMBERS_OF_ROW_UPDATED  = NUMBERS_OF_ROW_UPDATED+0
    					 		    ,NUMBERS_OF_ROW_DELETED  = NUMBERS_OF_ROW_DELETED+0
    					 		    ,NUMBERS_OF_ROW_REJECTED = NUMBERS_OF_ROW_REJECTED+0
									,AUDIT_TIMESTAMP = CURRENT_TIMESTAMP
    					 WHEN NOT MATCHED THEN INSERT
                   			   (	 BATCH_ID                
    									,JOB_ID                  
    									,JOB_NAME                
    									,BUSINESS_DATE 
                                        ,AUDIT_TIMESTAMP										
    									,SOURCE        
    									,SOURCE_COUNT            
    									,TARGET         
    									,NUMBERS_OF_ROW_INSERTED 
    									,NUMBERS_OF_ROW_UPDATED  
    									,NUMBERS_OF_ROW_DELETED  
    									,NUMBERS_OF_ROW_REJECTED
    									,LEVEL)
    						VALUES(  TMP.BATCH_ID     
    								,TMP.JOB_ID
    								,'f_points_cus_day_ld'
    								,CAST('2020-12-21' AS DATE FORMAT 'YYYY-MM-DD')
									,CURRENT_TIMESTAMP
    								,'STG_F_POINTS_CUS_DAY_B'
    								,     181608
    								,'TMP0_F_POINTS_CUS_DAY_B'
    								,149764
    								,0
    								,0
    								,0
    								,TMP.LEVEL)
    							
END:************************

f_points_cus_day_ld 12/23/2020 01:04:59: Setting bookmark value for the script in DWH_C_BATCH_LOG table
Start:************************
query_command : UPDATE EXPDW_ETE_DWH.DWH_C_BATCH_LOG
                      SET BOOKMARK='AFTER_LOAD_FIRST_TEMP_TABLE'
					  ,JOB_ID=1140
                      WHERE BATCH_ID=1533
                       AND JOB_NAME = 'f_points_cus_day_ld'
					   AND START_TIMESTAMP='2020-12-23 01:04:41.730000'
                     
END:************************



==============================================================================================================================================
====================================================  RUNNING CODES FOR BOOKMARK = AFTER_LOAD_FIRST_TEMP_TABLE  ================================================
==============================================================================================================================================


f_points_cus_day_ld 12/23/2020 01:04:59: Collecting Statistics for TMP_F_POINTS_CUS_DAY_B
Start:************************
query_command : 
	COLLECT STATS COLUMN(CUS_KEY,DAY_KEY)
		,COLUMN(CUS_KEY)
		,COLUMN(DAY_KEY)
	ON EXPDW_ETE_TMP.TMP0_F_POINTS_CUS_DAY_B;
	
END:************************

f_points_cus_day_ld 12/23/2020 01:05:00: TMP0_F_POINTS_CUS_DAY_B Statistics collected successfully
f_points_cus_day_ld 12/23/2020 01:05:00: Setting bookmark value for the script in DWH_C_BATCH_LOG table
Start:************************
query_command : UPDATE EXPDW_ETE_DWH.DWH_C_BATCH_LOG
                      SET BOOKMARK='AFTER_COLLECT_STATS_FIRST_TEMP_TABLE'
					  ,JOB_ID=1140
                      WHERE BATCH_ID=1533
                       AND JOB_NAME = 'f_points_cus_day_ld'
					   AND START_TIMESTAMP='2020-12-23 01:04:41.730000'
                     
END:************************



==============================================================================================================================================
====================================================  RUNNING CODES FOR BOOKMARK = AFTER_COLLECT_STATS_FIRST_TEMP_TABLE  ================================================
==============================================================================================================================================


f_points_cus_day_ld 12/23/2020 01:05:00: Load into Temp Table Started
f_points_cus_day_ld 12/23/2020 01:05:00: Truncate Temp Table
f_points_cus_day_ld 12/23/2020 01:05:00: Truncating table TMP_F_POINTS_CUS_DAY_B
Start:************************
query_command : DELETE FROM EXPDW_ETE_TMP.TMP_F_POINTS_CUS_DAY_B ALL
END:************************

f_points_cus_day_ld 12/23/2020 01:05:00: TMP_F_POINTS_CUS_DAY_B truncated successfully
f_points_cus_day_ld 12/23/2020 01:05:00: Loading TMP_F_POINTS_CUS_DAY_B
Start:************************
query_command : 
	INSERT INTO EXPDW_ETE_TMP.TMP_F_POINTS_CUS_DAY_B (
		 CUS_KEY
		,EFF_FROM_DT
		,EFF_TO_DT
		,LYLTY_PROG_YR_KEY, EARNED_POINTS, CUM_EARNED_POINTS, CUM_PROG_YR_EARNED_POINTS, CONSUMED_POINTS, CUM_CONSUMED_POINTS, EXPIRED_POINTS, CUM_EXPIRED_POINTS		
		,AVAILABLE_POINTS
	)
	SELECT 
		 CUS_KEY
		,BEGIN(A.PD) EFF_FROM_DT
		,CASE WHEN END(A.PD)=DATE '9999-12-31' THEN END(A.PD)
			  ELSE END(A.PD)-1 
		 END EFF_TO_DT
		,LYLTY_PROG_YR_KEY, EARNED_POINTS, CUM_EARNED_POINTS, CUM_PROG_YR_EARNED_POINTS, CONSUMED_POINTS, CUM_CONSUMED_POINTS, EXPIRED_POINTS, CUM_EXPIRED_POINTS
		,AVAILABLE_POINTS
	FROM (
		SELECT NORMALIZE 
		CUS_KEY, 
		LYLTY_PROG_YR_KEY,
		EARNED_POINTS,
		CUM_EARNED_POINTS,
		CUM_PROG_YR_EARNED_POINTS,
		CONSUMED_POINTS,
		CUM_CONSUMED_POINTS,
		EXPIRED_POINTS,
		CUM_EXPIRED_POINTS,
		AVAILABLE_POINTS,  
		PERIOD(DAY_KEY, NEXT_DAY_KEY) PD
		FROM EXPDW_ETE_TMP.TMP0_F_POINTS_CUS_DAY_B
		) A;
	
END:************************

f_points_cus_day_ld 12/23/2020 01:05:01: TMP_F_POINTS_CUS_DAY_B loaded successfully
f_points_cus_day_ld 12/23/2020 01:05:01: set_activity_count
f_points_cus_day_ld 12/23/2020 01:05:01: set_activity_count end
Start:************************
query_command : SELECT COUNT(*) FROM EXPDW_ETE_STG.STG_F_POINTS_CUS_DAY_B
END:************************

f_points_cus_day_ld 12/23/2020 01:05:01: Source     : STG_F_POINTS_CUS_DAY_B
f_points_cus_day_ld 12/23/2020 01:05:01: Destination: TMP_F_POINTS_CUS_DAY_B
f_points_cus_day_ld 12/23/2020 01:05:01: SQL Statistics:
f_points_cus_day_ld 12/23/2020 01:05:01: NO OF ROWS INSERTED: 149764
f_points_cus_day_ld 12/23/2020 01:05:01: NO OF ROWS DELETED:  0
f_points_cus_day_ld 12/23/2020 01:05:01: No OF ROWS UPDATED:  0
Start:************************
query_command : MERGE INTO EXPDW_ETE_DWH.DWH_C_AUDIT_LOG AS  A
                   USING (
    					 SELECT 1533 BATCH_ID 
    							,1140 JOB_ID
    							,2 LEVEL
    					 ) AS TMP
    					 ON A.BATCH_ID = TMP.BATCH_ID
    					  AND A.JOB_ID = TMP.JOB_ID
    					  AND A.LEVEL = TMP.LEVEL
    					 WHEN MATCHED THEN UPDATE
            					 SET NUMBERS_OF_ROW_INSERTED = NUMBERS_OF_ROW_INSERTED+149764
    					 		    ,NUMBERS_OF_ROW_UPDATED  = NUMBERS_OF_ROW_UPDATED+0
    					 		    ,NUMBERS_OF_ROW_DELETED  = NUMBERS_OF_ROW_DELETED+0
    					 		    ,NUMBERS_OF_ROW_REJECTED = NUMBERS_OF_ROW_REJECTED+0
									,AUDIT_TIMESTAMP = CURRENT_TIMESTAMP
    					 WHEN NOT MATCHED THEN INSERT
                   			   (	 BATCH_ID                
    									,JOB_ID                  
    									,JOB_NAME                
    									,BUSINESS_DATE 
                                        ,AUDIT_TIMESTAMP										
    									,SOURCE        
    									,SOURCE_COUNT            
    									,TARGET         
    									,NUMBERS_OF_ROW_INSERTED 
    									,NUMBERS_OF_ROW_UPDATED  
    									,NUMBERS_OF_ROW_DELETED  
    									,NUMBERS_OF_ROW_REJECTED
    									,LEVEL)
    						VALUES(  TMP.BATCH_ID     
    								,TMP.JOB_ID
    								,'f_points_cus_day_ld'
    								,CAST('2020-12-21' AS DATE FORMAT 'YYYY-MM-DD')
									,CURRENT_TIMESTAMP
    								,'STG_F_POINTS_CUS_DAY_B'
    								,     181608
    								,'TMP_F_POINTS_CUS_DAY_B'
    								,149764
    								,0
    								,0
    								,0
    								,TMP.LEVEL)
    							
END:************************

f_points_cus_day_ld 12/23/2020 01:05:01: Setting bookmark value for the script in DWH_C_BATCH_LOG table
Start:************************
query_command : UPDATE EXPDW_ETE_DWH.DWH_C_BATCH_LOG
                      SET BOOKMARK='AFTER_LOAD_SECOND_TEMP_TABLE'
					  ,JOB_ID=1140
                      WHERE BATCH_ID=1533
                       AND JOB_NAME = 'f_points_cus_day_ld'
					   AND START_TIMESTAMP='2020-12-23 01:04:41.730000'
                     
END:************************



==============================================================================================================================================
====================================================  RUNNING CODES FOR BOOKMARK = AFTER_LOAD_SECOND_TEMP_TABLE  ================================================
==============================================================================================================================================


f_points_cus_day_ld 12/23/2020 01:05:01: Collecting Statistics for TMP_F_POINTS_CUS_DAY_B
Start:************************
query_command : 
	COLLECT STATS COLUMN(CUS_KEY,EFF_FROM_DT,EFF_TO_DT)
		,COLUMN(CUS_KEY)
		,COLUMN(EFF_FROM_DT)
		,COLUMN(EFF_TO_DT)
	ON EXPDW_ETE_TMP.TMP_F_POINTS_CUS_DAY_B;
	
END:************************

f_points_cus_day_ld 12/23/2020 01:05:02: TMP_F_POINTS_CUS_DAY_B Statistics collected successfully
f_points_cus_day_ld 12/23/2020 01:05:02: Setting bookmark value for the script in DWH_C_BATCH_LOG table
Start:************************
query_command : UPDATE EXPDW_ETE_DWH.DWH_C_BATCH_LOG
                      SET BOOKMARK='AFTER_COLLECT_STATS_SECOND_TEMP_TABLE'
					  ,JOB_ID=1140
                      WHERE BATCH_ID=1533
                       AND JOB_NAME = 'f_points_cus_day_ld'
					   AND START_TIMESTAMP='2020-12-23 01:04:41.730000'
                     
END:************************



==============================================================================================================================================
====================================================  RUNNING CODES FOR BOOKMARK = AFTER_COLLECT_STATS_SECOND_TEMP_TABLE  ================================================
==============================================================================================================================================


f_points_cus_day_ld 12/23/2020 01:05:02: Loading DWH_F_POINTS_CUS_DAY_B
f_points_cus_day_ld 12/23/2020 01:05:02: Deleting record from DWH_F_POINTS_CUS_DAY_B table whose effective-from-date is >= min of TMP_F_POINTS_CUS_DAY_B table effective-from-date
Start:************************
query_command : 
	DELETE FROM EXPDW_ETE_DWH.DWH_F_POINTS_CUS_DAY_B A
	WHERE EXISTS (
		SELECT 1
		FROM EXPDW_ETE_TMP.TMP_F_POINTS_CUS_DAY_B B
		WHERE A.CUS_KEY=B.CUS_KEY GROUP BY CUS_KEY
			HAVING A.EFF_FROM_DT>=min(B.EFF_FROM_DT)
			);
	
END:************************

f_points_cus_day_ld 12/23/2020 01:05:06: EXPDW_ETE_DWH deleted successfully
f_points_cus_day_ld 12/23/2020 01:05:06: set_activity_count
f_points_cus_day_ld 12/23/2020 01:05:06: set_activity_count end
Start:************************
query_command : SELECT COUNT(*) FROM EXPDW_ETE_TMP.TMP_F_POINTS_CUS_DAY_B
END:************************

f_points_cus_day_ld 12/23/2020 01:05:07: Source     : TMP_F_POINTS_CUS_DAY_B
f_points_cus_day_ld 12/23/2020 01:05:07: Destination: DWH_F_POINTS_CUS_DAY_B
f_points_cus_day_ld 12/23/2020 01:05:07: SQL Statistics:
f_points_cus_day_ld 12/23/2020 01:05:07: NO OF ROWS INSERTED: 0
f_points_cus_day_ld 12/23/2020 01:05:07: NO OF ROWS DELETED:  5851
f_points_cus_day_ld 12/23/2020 01:05:07: No OF ROWS UPDATED:  0
Start:************************
query_command : MERGE INTO EXPDW_ETE_DWH.DWH_C_AUDIT_LOG AS  A
                   USING (
    					 SELECT 1533 BATCH_ID 
    							,1140 JOB_ID
    							,3 LEVEL
    					 ) AS TMP
    					 ON A.BATCH_ID = TMP.BATCH_ID
    					  AND A.JOB_ID = TMP.JOB_ID
    					  AND A.LEVEL = TMP.LEVEL
    					 WHEN MATCHED THEN UPDATE
            					 SET NUMBERS_OF_ROW_INSERTED = NUMBERS_OF_ROW_INSERTED+0
    					 		    ,NUMBERS_OF_ROW_UPDATED  = NUMBERS_OF_ROW_UPDATED+0
    					 		    ,NUMBERS_OF_ROW_DELETED  = NUMBERS_OF_ROW_DELETED+5851
    					 		    ,NUMBERS_OF_ROW_REJECTED = NUMBERS_OF_ROW_REJECTED+0
									,AUDIT_TIMESTAMP = CURRENT_TIMESTAMP
    					 WHEN NOT MATCHED THEN INSERT
                   			   (	 BATCH_ID                
    									,JOB_ID                  
    									,JOB_NAME                
    									,BUSINESS_DATE 
                                        ,AUDIT_TIMESTAMP										
    									,SOURCE        
    									,SOURCE_COUNT            
    									,TARGET         
    									,NUMBERS_OF_ROW_INSERTED 
    									,NUMBERS_OF_ROW_UPDATED  
    									,NUMBERS_OF_ROW_DELETED  
    									,NUMBERS_OF_ROW_REJECTED
    									,LEVEL)
    						VALUES(  TMP.BATCH_ID     
    								,TMP.JOB_ID
    								,'f_points_cus_day_ld'
    								,CAST('2020-12-21' AS DATE FORMAT 'YYYY-MM-DD')
									,CURRENT_TIMESTAMP
    								,'TMP_F_POINTS_CUS_DAY_B'
    								,     149764
    								,'DWH_F_POINTS_CUS_DAY_B'
    								,0
    								,0
    								,5851
    								,0
    								,TMP.LEVEL)
    							
END:************************

f_points_cus_day_ld 12/23/2020 01:05:07: Setting bookmark value for the script in DWH_C_BATCH_LOG table
Start:************************
query_command : UPDATE EXPDW_ETE_DWH.DWH_C_BATCH_LOG
                      SET BOOKMARK='AFTER_DELETE_FROM_TARGET'
					  ,JOB_ID=1140
                      WHERE BATCH_ID=1533
                       AND JOB_NAME = 'f_points_cus_day_ld'
					   AND START_TIMESTAMP='2020-12-23 01:04:41.730000'
                     
END:************************



==============================================================================================================================================
====================================================  RUNNING CODES FOR BOOKMARK = AFTER_DELETE_FROM_TARGET  ================================================
==============================================================================================================================================


f_points_cus_day_ld 12/23/2020 01:05:07: Collecting Statistics for DWH_F_POINTS_CUS_DAY_B
Start:************************
query_command : 
	COLLECT STATS COLUMN(CUS_KEY,EFF_FROM_DT)
		, COLUMN(CUS_KEY)
		, COLUMN(EFF_FROM_DT)
		, COLUMN(EFF_TO_DT)
	ON EXPDW_ETE_DWH.DWH_F_POINTS_CUS_DAY_B;
	
END:************************

f_points_cus_day_ld 12/23/2020 01:05:16: DWH_F_POINTS_CUS_DAY_B Statistics collected successfully
f_points_cus_day_ld 12/23/2020 01:05:16: Setting bookmark value for the script in DWH_C_BATCH_LOG table
Start:************************
query_command : UPDATE EXPDW_ETE_DWH.DWH_C_BATCH_LOG
                      SET BOOKMARK='AFTER_COLLECT_STATS_TARGET_TABLE'
					  ,JOB_ID=1140
                      WHERE BATCH_ID=1533
                       AND JOB_NAME = 'f_points_cus_day_ld'
					   AND START_TIMESTAMP='2020-12-23 01:04:41.730000'
                     
END:************************



==============================================================================================================================================
====================================================  RUNNING CODES FOR BOOKMARK = AFTER_COLLECT_STATS_TARGET_TABLE  ================================================
==============================================================================================================================================


f_points_cus_day_ld 12/23/2020 01:05:16: Inserting DWH_F_POINTS_CUS_DAY_B
Start:************************
query_command : 
	INSERT INTO EXPDW_ETE_DWH.DWH_F_POINTS_CUS_DAY_B (
		 CUS_KEY
		,EFF_FROM_DT
		,EFF_TO_DT
		,LYLTY_PROG_YR_KEY
		,EARNED_POINTS
		,CUM_EARNED_POINTS
		,CUM_LYLTY_PROG_YR_EARNED_POINTS
		,CONSUMED_POINTS
		,CUM_CONSUMED_POINTS
		,EXPIRED_POINTS
		,CUM_EXPIRED_POINTS
		,AVAILABLE_POINTS
		,RCD_INS_TS
		,RCD_UPD_TS
	)
	SELECT 
		 CUS_KEY
		,EFF_FROM_DT
		,EFF_TO_DT
		,LYLTY_PROG_YR_KEY
		,EARNED_POINTS
		,CUM_EARNED_POINTS
		,CUM_PROG_YR_EARNED_POINTS
		,CONSUMED_POINTS
		,CUM_CONSUMED_POINTS
		,EXPIRED_POINTS
		,CUM_EXPIRED_POINTS
		,AVAILABLE_POINTS
		,CAST('20201223010439' AS TIMESTAMP FORMAT 'YYYYMMDDHHMISS') RCD_INS_TS
		,CAST('20201223010439' AS TIMESTAMP FORMAT 'YYYYMMDDHHMISS') RCD_UPD_TS
	FROM EXPDW_ETE_TMP.TMP_F_POINTS_CUS_DAY_B SRC
	WHERE NOT EXISTS (
		SELECT 1
		FROM EXPDW_ETE_DWH_V.V_DWH_F_POINTS_CUS_DAY_B TGT
		WHERE SRC.CUS_KEY=TGT.CUS_KEY
			AND SRC.EFF_FROM_DT=TGT.EFF_FROM_DT
	);
	
END:************************

f_points_cus_day_ld 12/23/2020 01:05:16: EXPDW_ETE_DWH loaded successfully
f_points_cus_day_ld 12/23/2020 01:05:16: set_activity_count
f_points_cus_day_ld 12/23/2020 01:05:16: set_activity_count end
Start:************************
query_command : SELECT COUNT(*) FROM EXPDW_ETE_TMP.TMP_F_POINTS_CUS_DAY_B
END:************************

f_points_cus_day_ld 12/23/2020 01:05:17: Source     : TMP_F_POINTS_CUS_DAY_B
f_points_cus_day_ld 12/23/2020 01:05:17: Destination: DWH_F_POINTS_CUS_DAY_B
f_points_cus_day_ld 12/23/2020 01:05:17: SQL Statistics:
f_points_cus_day_ld 12/23/2020 01:05:17: NO OF ROWS INSERTED: 149764
f_points_cus_day_ld 12/23/2020 01:05:17: NO OF ROWS DELETED:  0
f_points_cus_day_ld 12/23/2020 01:05:17: No OF ROWS UPDATED:  0
Start:************************
query_command : MERGE INTO EXPDW_ETE_DWH.DWH_C_AUDIT_LOG AS  A
                   USING (
    					 SELECT 1533 BATCH_ID 
    							,1140 JOB_ID
    							,3 LEVEL
    					 ) AS TMP
    					 ON A.BATCH_ID = TMP.BATCH_ID
    					  AND A.JOB_ID = TMP.JOB_ID
    					  AND A.LEVEL = TMP.LEVEL
    					 WHEN MATCHED THEN UPDATE
            					 SET NUMBERS_OF_ROW_INSERTED = NUMBERS_OF_ROW_INSERTED+149764
    					 		    ,NUMBERS_OF_ROW_UPDATED  = NUMBERS_OF_ROW_UPDATED+0
    					 		    ,NUMBERS_OF_ROW_DELETED  = NUMBERS_OF_ROW_DELETED+0
    					 		    ,NUMBERS_OF_ROW_REJECTED = NUMBERS_OF_ROW_REJECTED+0
									,AUDIT_TIMESTAMP = CURRENT_TIMESTAMP
    					 WHEN NOT MATCHED THEN INSERT
                   			   (	 BATCH_ID                
    									,JOB_ID                  
    									,JOB_NAME                
    									,BUSINESS_DATE 
                                        ,AUDIT_TIMESTAMP										
    									,SOURCE        
    									,SOURCE_COUNT            
    									,TARGET         
    									,NUMBERS_OF_ROW_INSERTED 
    									,NUMBERS_OF_ROW_UPDATED  
    									,NUMBERS_OF_ROW_DELETED  
    									,NUMBERS_OF_ROW_REJECTED
    									,LEVEL)
    						VALUES(  TMP.BATCH_ID     
    								,TMP.JOB_ID
    								,'f_points_cus_day_ld'
    								,CAST('2020-12-21' AS DATE FORMAT 'YYYY-MM-DD')
									,CURRENT_TIMESTAMP
    								,'TMP_F_POINTS_CUS_DAY_B'
    								,     149764
    								,'DWH_F_POINTS_CUS_DAY_B'
    								,149764
    								,0
    								,0
    								,0
    								,TMP.LEVEL)
    							
END:************************

f_points_cus_day_ld 12/23/2020 01:05:17: Setting bookmark value for the script in DWH_C_BATCH_LOG table
Start:************************
query_command : UPDATE EXPDW_ETE_DWH.DWH_C_BATCH_LOG
                      SET BOOKMARK='AFTER_INSERT_INTO_TARGET'
					  ,JOB_ID=1140
                      WHERE BATCH_ID=1533
                       AND JOB_NAME = 'f_points_cus_day_ld'
					   AND START_TIMESTAMP='2020-12-23 01:04:41.730000'
                     
END:************************



==============================================================================================================================================
====================================================  RUNNING CODES FOR BOOKMARK = AFTER_INSERT_INTO_TARGET  ================================================
==============================================================================================================================================


f_points_cus_day_ld 12/23/2020 01:05:17: DWH_F_POINTS_CUS_DAY_B Load Complete
f_points_cus_day_ld 12/23/2020 01:05:17: Collecting Statistics for DWH_F_POINTS_CUS_DAY_B
Start:************************
query_command : 
	COLLECT STATS COLUMN(CUS_KEY,EFF_FROM_DT)
		,COLUMN(CUS_KEY)
		,COLUMN(EFF_FROM_DT)
		,COLUMN(EFF_TO_DT)
	ON EXPDW_ETE_DWH.DWH_F_POINTS_CUS_DAY_B;
	
END:************************

f_points_cus_day_ld 12/23/2020 01:05:26: DWH_F_POINTS_CUS_DAY_B Statistics collected successfully
f_points_cus_day_ld 12/23/2020 01:05:26: Setting bookmark value for the script in DWH_C_BATCH_LOG table
Start:************************
query_command : UPDATE EXPDW_ETE_DWH.DWH_C_BATCH_LOG
                      SET BOOKMARK='AFTER COLLECT STATS FOR TARGET TABLE'
					  ,JOB_ID=1140
                      WHERE BATCH_ID=1533
                       AND JOB_NAME = 'f_points_cus_day_ld'
					   AND START_TIMESTAMP='2020-12-23 01:04:41.730000'
                     
END:************************



==============================================================================================================================================
====================================================  RUNNING CODES FOR BOOKMARK = AFTER COLLECT STATS FOR TARGET TABLE  ================================================
==============================================================================================================================================


f_points_cus_day_ld 12/23/2020 01:05:26: Adding checksum to data file for archiving
/batch/ete/data/customer/points/edw_points_20201223.txt
f_points_cus_day_ld 12/23/2020 01:05:26: Archiving data file from /batch/ete/data/customer/points/edw_points_20201223.txt to /batch/ete/data/customer/data_archive/
f_points_cus_day_ld 12/23/2020 01:05:26: Setting bookmark value for the script in DWH_C_BATCH_LOG table
Start:************************
query_command : UPDATE EXPDW_ETE_DWH.DWH_C_BATCH_LOG
                      SET BOOKMARK='DONE'
					  ,JOB_ID=1140
                      WHERE BATCH_ID=1533
                       AND JOB_NAME = 'f_points_cus_day_ld'
					   AND START_TIMESTAMP='2020-12-23 01:04:41.730000'
                     
END:************************



==============================================================================================================================================
====================================================  RUNNING CODES FOR BOOKMARK = DONE  ================================================
==============================================================================================================================================


f_points_cus_day_ld 12/23/2020 01:05:26: Script Successful
Start:************************
query_command : UPDATE EXPDW_ETE_DWH.DWH_C_BATCH_LOG 
                     SET      
                            END_TIMESTAMP = CURRENT_TIMESTAMP
                            ,STATUS='COMPLETE'
							,JOB_ID='1140'
							,ERROR_DETAIL='COMPLETE'
							,BOOKMARK='COMPLETE'
                     WHERE BATCH_ID='1533'
							AND JOB_NAME='f_points_cus_day_ld'
							AND START_TIMESTAMP='2020-12-23 01:04:41.730000'
END:************************

